<?xml version="1.0" encoding="UTF-8"?>
<testng-results ignored="0" total="1" passed="1" failed="0" skipped="0">
  <reporter-output>
  </reporter-output>
  <suite started-at="2025-04-16T23:48:22 IST" name="Surefire suite" finished-at="2025-04-16T23:48:22 IST" duration-ms="19">
    <groups>
    </groups>
    <test started-at="2025-04-16T23:48:22 IST" name="Surefire test" finished-at="2025-04-16T23:48:22 IST" duration-ms="19">
      <class name="com.example.selenium.AppTest">
        <test-method signature="testApp()[pri:0, instance:testApp(com.example.selenium.AppTest)]" started-at="2025-04-16T23:48:22 IST" name="testApp" finished-at="2025-04-16T23:48:22 IST" duration-ms="2" status="PASS">
          <reporter-output>
          </reporter-output>
        </test-method> <!-- testApp -->
      </class> <!-- com.example.selenium.AppTest -->
    </test> <!-- Surefire test -->
  </suite> <!-- Surefire suite -->
</testng-results>
