<?xml version="1.0" encoding="UTF-8"?>
<testng-results ignored="0" total="1" passed="1" failed="0" skipped="0">
  <reporter-output>
  </reporter-output>
  <suite started-at="2025-04-16T23:48:20 IST" name="Surefire suite" finished-at="2025-04-16T23:48:22 IST" duration-ms="1852">
    <groups>
    </groups>
    <test started-at="2025-04-16T23:48:20 IST" name="Surefire test" finished-at="2025-04-16T23:48:22 IST" duration-ms="1852">
      <class name="com.example.selenium.LoginTest">
        <test-method is-config="true" signature="setUp()[pri:0, instance:com.example.selenium.LoginTest@40f08448]" started-at="2025-04-16T23:48:20 IST" name="setUp" finished-at="2025-04-16T23:48:21 IST" duration-ms="1513" status="PASS">
          <reporter-output>
          </reporter-output>
        </test-method> <!-- setUp -->
        <test-method signature="testLoginPage()[pri:0, instance:com.example.selenium.LoginTest@40f08448]" started-at="2025-04-16T23:48:21 IST" name="testLoginPage" finished-at="2025-04-16T23:48:22 IST" duration-ms="143" status="PASS">
          <reporter-output>
          </reporter-output>
        </test-method> <!-- testLoginPage -->
        <test-method is-config="true" signature="tearDown()[pri:0, instance:com.example.selenium.LoginTest@40f08448]" started-at="2025-04-16T23:48:22 IST" name="tearDown" finished-at="2025-04-16T23:48:22 IST" duration-ms="149" status="PASS">
          <reporter-output>
          </reporter-output>
        </test-method> <!-- tearDown -->
      </class> <!-- com.example.selenium.LoginTest -->
    </test> <!-- Surefire test -->
  </suite> <!-- Surefire suite -->
</testng-results>
