<?xml version="1.0" encoding="UTF-8"?>
<testsuite xmlns:xsi="http://www.w3.org/2001/XMLSchema-instance" xsi:noNamespaceSchemaLocation="https://maven.apache.org/surefire/maven-surefire-plugin/xsd/surefire-test-report.xsd" name="TestSuite" time="2.46" tests="2" errors="0" skipped="0" failures="0">
  <properties>
[...]
</properties>
  <testcase name="testLoginPage" classname="com.example.selenium.LoginTest" time="0.147"/>
  <testcase name="testApp on testApp(com.example.selenium.AppTest)" classname="com.example.selenium.AppTest" time="0.559"/>
</testsuite>